<?xml version="1.0" encoding="UTF-8"?>
<testng-results skipped="0" failed="0" ignored="0" total="1" passed="1">
  <reporter-output>
  </reporter-output>
  <suite name="Suite" duration-ms="3137" started-at="2020-04-13T11:20:52Z" finished-at="2020-04-13T11:20:56Z">
    <groups>
    </groups>
    <test name="Test1" duration-ms="3137" started-at="2020-04-13T11:20:52Z" finished-at="2020-04-13T11:20:56Z">
      <class name="qsp.DemoA">
        <test-method status="PASS" signature="test()[pri:0, instance:qsp.DemoA@4c70fda8]" name="test" duration-ms="3121" started-at="2020-04-13T11:20:52Z" finished-at="2020-04-13T11:20:56Z">
          <reporter-output>
          </reporter-output>
        </test-method> <!-- test -->
      </class> <!-- qsp.DemoA -->
    </test> <!-- Test1 -->
  </suite> <!-- Suite -->
</testng-results>
